<?xml version="1.0" encoding="UTF-8"?>
<!-- Generated by org.testng.reporters.JUnitReportReporter -->
<testsuite hostname="DESKTOP-RAEVV8E" failures="0" tests="3" name="pack2.DateDrivenTest" time="0.004" errors="0" timestamp="2021-07-20T19:51:52 EDT" skipped="0">
  <testcase classname="pack2.DateDrivenTest" name="testLogin" time="0.003"/>
  <system-out/>
  <testcase classname="pack2.DateDrivenTest" name="testLogin" time="0.000"/>
  <system-out/>
  <testcase classname="pack2.DateDrivenTest" name="testLogin" time="0.001"/>
  <system-out/>
</testsuite> <!-- pack2.DateDrivenTest -->
