<?xml version="1.0" encoding="UTF-8"?>
<!-- Generated by org.testng.reporters.JUnitReportReporter -->
<testsuite hostname="DESKTOP-RAEVV8E" failures="0" tests="1" name="pack1.LogoutTest" time="0.005" errors="0" timestamp="2021-07-20T19:27:23 EDT" skipped="0">
  <testcase classname="pack1.LogoutTest" name="logoutGuest" time="0.005"/>
  <system-out/>
</testsuite> <!-- pack1.LogoutTest -->
