<?xml version="1.0" encoding="UTF-8"?>
<!-- Generated by org.testng.reporters.JUnitReportReporter -->
<testsuite hostname="DESKTOP-RAEVV8E" failures="0" tests="2" name="pack1.RegisterTest" time="0.002" errors="0" timestamp="2021-07-20T19:23:29 EDT" skipped="0">
  <testcase classname="pack1.RegisterTest" name="registerGuest" time="0.001"/>
  <system-out/>
  <testcase classname="pack1.RegisterTest" name="registerAdmin" time="0.001"/>
  <system-out/>
</testsuite> <!-- pack1.RegisterTest -->
