<?xml version="1.0" encoding="UTF-8"?>
<!-- Generated by org.testng.reporters.JUnitReportReporter -->
<testsuite hostname="DESKTOP-RAEVV8E" failures="0" tests="3" name="pack2.LogoutTest" time="0.003" errors="0" timestamp="2021-07-20T18:23:13 EDT" skipped="0">
  <testcase classname="pack2.LogoutTest" name="logoutAdmin" time="0.001"/>
  <system-out/>
  <testcase classname="pack2.LogoutTest" name="logoutGuest" time="0.001"/>
  <system-out/>
  <testcase classname="pack2.LogoutTest" name="logoutEmployee" time="0.001"/>
  <system-out/>
</testsuite> <!-- pack2.LogoutTest -->
