<?xml version="1.0" encoding="UTF-8"?>
<!-- Generated by org.testng.reporters.JUnitReportReporter -->
<testsuite hostname="DESKTOP-RAEVV8E" failures="0" tests="3" name="pack1.LogoutTest" time="0.000" errors="0" timestamp="2021-07-20T18:18:16 EDT" skipped="0">
  <testcase classname="pack1.LogoutTest" name="logoutEmployee" time="0.000"/>
  <system-out/>
  <testcase classname="pack1.LogoutTest" name="logoutGuest" time="0.000"/>
  <system-out/>
  <testcase classname="pack1.LogoutTest" name="logoutAdmin" time="0.000"/>
  <system-out/>
</testsuite> <!-- pack1.LogoutTest -->
