<?xml version="1.0" encoding="UTF-8"?>
<!-- Generated by org.testng.reporters.JUnitReportReporter -->
<testsuite hostname="DESKTOP-RAEVV8E" failures="0" tests="4" name="pack1.LoginTest" time="0.002" errors="0" timestamp="2021-07-20T18:18:16 EDT" skipped="0">
  <testcase classname="pack1.LoginTest" name="loginAdmin" time="0.000"/>
  <system-out/>
  <testcase classname="pack1.LoginTest" name="loginGuest" time="0.000"/>
  <system-out/>
  <testcase classname="pack1.LoginTest" name="getAdmin" time="0.002"/>
  <system-out/>
  <testcase classname="pack1.LoginTest" name="loginEmployee" time="0.000"/>
  <system-out/>
</testsuite> <!-- pack1.LoginTest -->
